Using pre-set license
Built from '2021.3/staging' branch; Version is '2021.3.15f1 (e8e88683f834) revision 15263878'; Using compiler version '192829333'; Build Type 'Release'
OS: 'Windows 10  (10.0.19044) 64bit Professional' Language: 'en' Physical Memory: 24573 MB
BatchMode: 1, IsHumanControllingUs: 0, StartBugReporterOnCrash: 0, Is64bit: 1, IsPro: 1

COMMAND LINE ARGUMENTS:
C:\Program Files\Unity\Hub\Editor\2021.3.15f1\Editor\Unity.exe
-adb2
-batchMode
-noUpm
-name
AssetImportWorker1
-projectPath
C:/Unity/hologram_ditichcodohue
-logFile
Logs/AssetImportWorker1.log
-srvPort
65510
Successfully changed project path to: C:/Unity/hologram_ditichcodohue
C:/Unity/hologram_ditichcodohue
[UnityMemory] Configuration Parameters - Can be set up in boot.config
    "memorysetup-bucket-allocator-granularity=16"
    "memorysetup-bucket-allocator-bucket-count=8"
    "memorysetup-bucket-allocator-block-size=33554432"
    "memorysetup-bucket-allocator-block-count=8"
    "memorysetup-main-allocator-block-size=16777216"
    "memorysetup-thread-allocator-block-size=16777216"
    "memorysetup-gfx-main-allocator-block-size=16777216"
    "memorysetup-gfx-thread-allocator-block-size=16777216"
    "memorysetup-cache-allocator-block-size=4194304"
    "memorysetup-typetree-allocator-block-size=2097152"
    "memorysetup-profiler-bucket-allocator-granularity=16"
    "memorysetup-profiler-bucket-allocator-bucket-count=8"
    "memorysetup-profiler-bucket-allocator-block-size=33554432"
    "memorysetup-profiler-bucket-allocator-block-count=8"
    "memorysetup-profiler-allocator-block-size=16777216"
    "memorysetup-profiler-editor-allocator-block-size=1048576"
    "memorysetup-temp-allocator-size-main=16777216"
    "memorysetup-job-temp-allocator-block-size=2097152"
    "memorysetup-job-temp-allocator-block-size-background=1048576"
    "memorysetup-job-temp-allocator-reduction-small-platforms=262144"
    "memorysetup-temp-allocator-size-background-worker=32768"
    "memorysetup-temp-allocator-size-job-worker=262144"
    "memorysetup-temp-allocator-size-preload-manager=33554432"
    "memorysetup-temp-allocator-size-nav-mesh-worker=65536"
    "memorysetup-temp-allocator-size-audio-worker=65536"
    "memorysetup-temp-allocator-size-cloud-worker=32768"
    "memorysetup-temp-allocator-size-gi-baking-worker=262144"
    "memorysetup-temp-allocator-size-gfx=262144"
Player connection [17956] Host "[IP] 192.168.10.221 [Port] 0 [Flags] 2 [Guid] 3227290770 [EditorId] 3227290770 [Version] 1048832 [Id] WindowsEditor(7,DESKTOP-P391ULF) [Debug] 1 [PackageName] WindowsEditor [ProjectName] Editor" joined multi-casting on [225.0.0.222:54997]...

Player connection [17956] Host "[IP] 192.168.10.221 [Port] 0 [Flags] 2 [Guid] 3227290770 [EditorId] 3227290770 [Version] 1048832 [Id] WindowsEditor(7,DESKTOP-P391ULF) [Debug] 1 [PackageName] WindowsEditor [ProjectName] Editor" joined alternative multi-casting on [225.0.0.222:34997]...

Refreshing native plugins compatible for Editor in 175.29 ms, found 4 plugins.
Preloading 0 native plugins for Editor in 0.00 ms.
Initialize engine version: 2021.3.15f1 (e8e88683f834)
[Subsystems] Discovering subsystems at path C:/Program Files/Unity/Hub/Editor/2021.3.15f1/Editor/Data/Resources/UnitySubsystems
[Subsystems] Discovering subsystems at path C:/Unity/hologram_ditichcodohue/Assets
GfxDevice: creating device client; threaded=0; jobified=0
Direct3D:
    Version:  Direct3D 11.0 [level 11.1]
    Renderer: NVIDIA GeForce GTX 1660 (ID=0x2184)
    Vendor:   NVIDIA
    VRAM:     5991 MB
    Driver:   31.0.15.1694
Initialize mono
Mono path[0] = 'C:/Program Files/Unity/Hub/Editor/2021.3.15f1/Editor/Data/Managed'
Mono path[1] = 'C:/Program Files/Unity/Hub/Editor/2021.3.15f1/Editor/Data/MonoBleedingEdge/lib/mono/unityjit-win32'
Mono config path = 'C:/Program Files/Unity/Hub/Editor/2021.3.15f1/Editor/Data/MonoBleedingEdge/etc'
Using monoOptions --debugger-agent=transport=dt_socket,embedding=1,server=y,suspend=n,address=127.0.0.1:56332
Begin MonoManager ReloadAssembly
Registering precompiled unity dll's ...
Register platform support module: C:/Program Files/Unity/Hub/Editor/2021.3.15f1/Editor/Data/PlaybackEngines/WindowsStandaloneSupport/UnityEditor.WindowsStandalone.Extensions.dll
Registered in 0.017638 seconds.
Native extension for WindowsStandalone target not found
Refreshing native plugins compatible for Editor in 168.58 ms, found 4 plugins.
Preloading 0 native plugins for Editor in 0.00 ms.
Mono: successfully reloaded assembly
- Completed reload, in  1.263 seconds
Domain Reload Profiling:
	ReloadAssembly (1264ms)
		BeginReloadAssembly (149ms)
			ExecutionOrderSort (0ms)
			DisableScriptedObjects (0ms)
			BackupInstance (0ms)
			ReleaseScriptingObjects (0ms)
			CreateAndSetChildDomain (1ms)
		EndReloadAssembly (897ms)
			LoadAssemblies (143ms)
			RebuildTransferFunctionScriptingTraits (0ms)
			SetupTypeCache (201ms)
			ReleaseScriptCaches (0ms)
			RebuildScriptCaches (64ms)
			SetupLoadedEditorAssemblies (530ms)
				LogAssemblyErrors (0ms)
				InitializePlatformSupportModulesInManaged (17ms)
				SetLoadedEditorAssemblies (0ms)
				RefreshPlugins (169ms)
				BeforeProcessingInitializeOnLoad (3ms)
				ProcessInitializeOnLoadAttributes (246ms)
				ProcessInitializeOnLoadMethodAttributes (95ms)
				AfterProcessingInitializeOnLoad (0ms)
				EditorAssembliesLoaded (0ms)
			ExecutionOrderSort2 (0ms)
			AwakeInstancesAfterBackupRestoration (0ms)
Platform modules already initialized, skipping
Registering precompiled user dll's ...
Registered in 0.015836 seconds.
Begin MonoManager ReloadAssembly
Symbol file LoadedFromMemory doesn't match image C:\Unity\hologram_ditichcodohue\Library\PackageCache\com.unity.visualscripting@1.7.8\Editor\VisualScripting.Core\Dependencies\YamlDotNet\Unity.VisualScripting.YamlDotNet.dll
Symbol file LoadedFromMemory doesn't match image C:\Unity\hologram_ditichcodohue\Library\PackageCache\com.unity.visualscripting@1.7.8\Editor\VisualScripting.Core\Dependencies\DotNetZip\Unity.VisualScripting.IonicZip.dll
Native extension for WindowsStandalone target not found
Refreshing native plugins compatible for Editor in 168.28 ms, found 4 plugins.
Preloading 0 native plugins for Editor in 0.00 ms.
Mono: successfully reloaded assembly
- Completed reload, in  2.398 seconds
Domain Reload Profiling:
	ReloadAssembly (2399ms)
		BeginReloadAssembly (242ms)
			ExecutionOrderSort (0ms)
			DisableScriptedObjects (12ms)
			BackupInstance (0ms)
			ReleaseScriptingObjects (0ms)
			CreateAndSetChildDomain (31ms)
		EndReloadAssembly (1901ms)
			LoadAssemblies (200ms)
			RebuildTransferFunctionScriptingTraits (0ms)
			SetupTypeCache (477ms)
			ReleaseScriptCaches (1ms)
			RebuildScriptCaches (135ms)
			SetupLoadedEditorAssemblies (1017ms)
				LogAssemblyErrors (0ms)
				InitializePlatformSupportModulesInManaged (10ms)
				SetLoadedEditorAssemblies (1ms)
				RefreshPlugins (168ms)
				BeforeProcessingInitializeOnLoad (229ms)
				ProcessInitializeOnLoadAttributes (501ms)
				ProcessInitializeOnLoadMethodAttributes (87ms)
				AfterProcessingInitializeOnLoad (19ms)
				EditorAssembliesLoaded (0ms)
			ExecutionOrderSort2 (0ms)
			AwakeInstancesAfterBackupRestoration (12ms)
Platform modules already initialized, skipping
========================================================================
Worker process is ready to serve import requests
Launched and connected shader compiler UnityShaderCompiler.exe after 0.06 seconds
Refreshing native plugins compatible for Editor in 1.19 ms, found 4 plugins.
Preloading 0 native plugins for Editor in 0.00 ms.
Unloading 4179 Unused Serialized files (Serialized files now loaded: 0)
Unloading 39 unused Assets / (57.1 KB). Loaded Objects now: 4669.
Memory consumption went from 173.4 MB to 173.4 MB.
Total: 5.956700 ms (FindLiveObjects: 0.676500 ms CreateObjectMapping: 0.262000 ms MarkObjects: 4.876500 ms  DeleteObjects: 0.140000 ms)

AssetImportParameters requested are different than current active one (requested -> active):
  custom:video-decoder-ogg-theora: a1e56fd34408186e4bbccfd4996cb3dc -> 
  custom:container-muxer-webm: aa71ff27fc2769a1b78a27578f13a17b -> 
  custom:container-demuxer-webm: 4f35f7cbe854078d1ac9338744f61a02 -> 
  custom:video-encoder-webm-vp8: eb34c28f22e8b96e1ab97ce403110664 -> 
  custom:audio-encoder-webm-vorbis: bf7c407c2cedff20999df2af8eb42d56 -> 
  custom:framework-win-MediaFoundation: 216162199b28c13a410421893ffa2e32 -> 
  custom:container-demuxer-ogg: 62fdf1f143b41e24485cea50d1cbac27 -> 
  custom:video-decoder-webm-vp8: 9c59270c3fd7afecdb556c50c9e8de78 -> 
  custom:audio-decoder-ogg-vorbis: bf7c407c2cedff20999df2af8eb42d56 -> 
========================================================================
Received Prepare
Registering precompiled user dll's ...
Registered in 0.014208 seconds.
Begin MonoManager ReloadAssembly
Symbol file LoadedFromMemory doesn't match image C:\Unity\hologram_ditichcodohue\Library\PackageCache\com.unity.visualscripting@1.7.8\Editor\VisualScripting.Core\Dependencies\YamlDotNet\Unity.VisualScripting.YamlDotNet.dll
Symbol file LoadedFromMemory doesn't match image C:\Unity\hologram_ditichcodohue\Library\PackageCache\com.unity.visualscripting@1.7.8\Editor\VisualScripting.Core\Dependencies\DotNetZip\Unity.VisualScripting.IonicZip.dll
Native extension for WindowsStandalone target not found
Refreshing native plugins compatible for Editor in 1.13 ms, found 4 plugins.
Preloading 0 native plugins for Editor in 0.00 ms.
Mono: successfully reloaded assembly
- Completed reload, in  2.095 seconds
Domain Reload Profiling:
	ReloadAssembly (2096ms)
		BeginReloadAssembly (275ms)
			ExecutionOrderSort (0ms)
			DisableScriptedObjects (14ms)
			BackupInstance (0ms)
			ReleaseScriptingObjects (0ms)
			CreateAndSetChildDomain (71ms)
		EndReloadAssembly (1588ms)
			LoadAssemblies (203ms)
			RebuildTransferFunctionScriptingTraits (0ms)
			SetupTypeCache (452ms)
			ReleaseScriptCaches (2ms)
			RebuildScriptCaches (103ms)
			SetupLoadedEditorAssemblies (734ms)
				LogAssemblyErrors (0ms)
				InitializePlatformSupportModulesInManaged (26ms)
				SetLoadedEditorAssemblies (1ms)
				RefreshPlugins (1ms)
				BeforeProcessingInitializeOnLoad (187ms)
				ProcessInitializeOnLoadAttributes (421ms)
				ProcessInitializeOnLoadMethodAttributes (77ms)
				AfterProcessingInitializeOnLoad (21ms)
				EditorAssembliesLoaded (0ms)
			ExecutionOrderSort2 (0ms)
			AwakeInstancesAfterBackupRestoration (20ms)
Platform modules already initialized, skipping
Refreshing native plugins compatible for Editor in 5.04 ms, found 4 plugins.
Preloading 0 native plugins for Editor in 0.00 ms.
Unloading 4150 Unused Serialized files (Serialized files now loaded: 0)
Unloading 25 unused Assets / (24.6 KB). Loaded Objects now: 4673.
Memory consumption went from 170.8 MB to 170.8 MB.
Total: 5.467200 ms (FindLiveObjects: 0.640300 ms CreateObjectMapping: 0.253900 ms MarkObjects: 4.538300 ms  DeleteObjects: 0.033300 ms)

AssetImportParameters requested are different than current active one (requested -> active):
  custom:video-decoder-ogg-theora: a1e56fd34408186e4bbccfd4996cb3dc -> 
  custom:container-muxer-webm: aa71ff27fc2769a1b78a27578f13a17b -> 
  custom:container-demuxer-webm: 4f35f7cbe854078d1ac9338744f61a02 -> 
  custom:video-encoder-webm-vp8: eb34c28f22e8b96e1ab97ce403110664 -> 
  custom:audio-encoder-webm-vorbis: bf7c407c2cedff20999df2af8eb42d56 -> 
  custom:framework-win-MediaFoundation: 216162199b28c13a410421893ffa2e32 -> 
  custom:container-demuxer-ogg: 62fdf1f143b41e24485cea50d1cbac27 -> 
  custom:video-decoder-webm-vp8: 9c59270c3fd7afecdb556c50c9e8de78 -> 
  custom:audio-decoder-ogg-vorbis: bf7c407c2cedff20999df2af8eb42d56 -> 
========================================================================
Received Import Request.
  Time since last request: 2788565.011034 seconds.
  path: Assets/Textures/forest2.png
  artifactKey: Guid(51a1aab472e149b44880bbc08d9590fc) Importer(815301076,1909f56bfc062723c751e8b465ee728b)
Start importing Assets/Textures/forest2.png using Guid(51a1aab472e149b44880bbc08d9590fc) Importer(815301076,1909f56bfc062723c751e8b465ee728b)  -> (artifact id: 'e30396c869f8b50966dae8edff8cc169') in 0.297074 seconds 
========================================================================
Received Import Request.
  Time since last request: 2.751829 seconds.
  path: Assets/Prefab/CanvasScene2.prefab
  artifactKey: Guid(a8ec0ad3bee78324188bf7f29affd140) Importer(815301076,1909f56bfc062723c751e8b465ee728b)
Start importing Assets/Prefab/CanvasScene2.prefab using Guid(a8ec0ad3bee78324188bf7f29affd140) Importer(815301076,1909f56bfc062723c751e8b465ee728b)  -> (artifact id: '72174f7bf49ac4c0ee0f0d0aacea8139') in 0.231610 seconds 
========================================================================
Received Import Request.
  Time since last request: 3.423597 seconds.
  path: Assets/Images/APP NAME.png
  artifactKey: Guid(2580c228c9baff64e919353f8693bb53) Importer(815301076,1909f56bfc062723c751e8b465ee728b)
Start importing Assets/Images/APP NAME.png using Guid(2580c228c9baff64e919353f8693bb53) Importer(815301076,1909f56bfc062723c751e8b465ee728b)  -> (artifact id: '23d1e0af680589d909ab5d3cd3811e73') in 0.084794 seconds 
========================================================================
Received Import Request.
  Time since last request: 0.000148 seconds.
  path: Assets/Images/Line Center.png
  artifactKey: Guid(964d3d34dea4c9143a2e0c1e6aedbdc2) Importer(815301076,1909f56bfc062723c751e8b465ee728b)
Start importing Assets/Images/Line Center.png using Guid(964d3d34dea4c9143a2e0c1e6aedbdc2) Importer(815301076,1909f56bfc062723c751e8b465ee728b)  -> (artifact id: '58bc5e58df50ee87367d13977788d3d5') in 0.031026 seconds 
========================================================================
Received Import Request.
  Time since last request: 0.002311 seconds.
  path: Assets/Images/FingerprintSensor.png
  artifactKey: Guid(c62889bcc48b5854ead40d831d62cce8) Importer(815301076,1909f56bfc062723c751e8b465ee728b)
Start importing Assets/Images/FingerprintSensor.png using Guid(c62889bcc48b5854ead40d831d62cce8) Importer(815301076,1909f56bfc062723c751e8b465ee728b)  -> (artifact id: '3ee24be514e59a7673c3dcee461c3098') in 0.205360 seconds 
========================================================================
Received Import Request.
  Time since last request: 0.000029 seconds.
  path: Assets/Images/LineChiTiet.png
  artifactKey: Guid(ef52c77169d13284f9856f15bfde52da) Importer(815301076,1909f56bfc062723c751e8b465ee728b)
Start importing Assets/Images/LineChiTiet.png using Guid(ef52c77169d13284f9856f15bfde52da) Importer(815301076,1909f56bfc062723c751e8b465ee728b)  -> (artifact id: '8fb10e35418324e026379ddfbe1bd1d6') in 0.047718 seconds 
========================================================================
Received Import Request.
  Time since last request: 0.000038 seconds.
  path: Assets/Images/buttonMaterial.png
  artifactKey: Guid(46727ca1fe809864192259a70992ac99) Importer(815301076,1909f56bfc062723c751e8b465ee728b)
Start importing Assets/Images/buttonMaterial.png using Guid(46727ca1fe809864192259a70992ac99) Importer(815301076,1909f56bfc062723c751e8b465ee728b)  -> (artifact id: '094560c0cab3b8a11a58f1cbb4ca9493') in 0.099170 seconds 
========================================================================
Received Import Request.
  Time since last request: 0.000028 seconds.
  path: Assets/Images/Mẫu background 1.png
  artifactKey: Guid(93888ea3ee77158468c3c358c63248c3) Importer(815301076,1909f56bfc062723c751e8b465ee728b)
Start importing Assets/Images/Mẫu background 1.png using Guid(93888ea3ee77158468c3c358c63248c3) Importer(815301076,1909f56bfc062723c751e8b465ee728b)  -> (artifact id: '323ee21046ee87447f6dc83f04833e2c') in 0.388401 seconds 
========================================================================
Received Import Request.
  Time since last request: 0.000125 seconds.
  path: Assets/Images/Line.png
  artifactKey: Guid(6d6c2555bb2d93e4b81e0d0be31cb502) Importer(815301076,1909f56bfc062723c751e8b465ee728b)
Start importing Assets/Images/Line.png using Guid(6d6c2555bb2d93e4b81e0d0be31cb502) Importer(815301076,1909f56bfc062723c751e8b465ee728b)  -> (artifact id: 'be633a01596229af42c0659869e60bc6') in 0.035848 seconds 
========================================================================
Received Import Request.
  Time since last request: 0.000041 seconds.
  path: Assets/Images/HighLightPoint2.png
  artifactKey: Guid(d89dfd707e0323144814f9395f8b5d73) Importer(815301076,1909f56bfc062723c751e8b465ee728b)
Start importing Assets/Images/HighLightPoint2.png using Guid(d89dfd707e0323144814f9395f8b5d73) Importer(815301076,1909f56bfc062723c751e8b465ee728b)  -> (artifact id: '33ba699c80055086e82c8617b79b26e8') in 0.065414 seconds 
========================================================================
Received Import Request.
  Time since last request: 0.000030 seconds.
  path: Assets/Images/Huế 5.png
  artifactKey: Guid(87f1f58cff05b7d4692babace3084796) Importer(815301076,1909f56bfc062723c751e8b465ee728b)
Start importing Assets/Images/Huế 5.png using Guid(87f1f58cff05b7d4692babace3084796) Importer(815301076,1909f56bfc062723c751e8b465ee728b)  -> (artifact id: 'df7bd128b82be30c9e15eb55222bc3e8') in 0.443554 seconds 
========================================================================
Received Import Request.
  Time since last request: 0.000039 seconds.
  path: Assets/Images/Huế 3.png
  artifactKey: Guid(18c53234ecb85d14c8153be10601582e) Importer(815301076,1909f56bfc062723c751e8b465ee728b)
Start importing Assets/Images/Huế 3.png using Guid(18c53234ecb85d14c8153be10601582e) Importer(815301076,1909f56bfc062723c751e8b465ee728b)  -> (artifact id: '585828eb4c388ac5ba6e5d76a2b6d096') in 0.447043 seconds 
========================================================================
Received Import Request.
  Time since last request: 0.000047 seconds.
  path: Assets/Images/Huế 2.png
  artifactKey: Guid(6e02ba20b43e9b742afa68c9b64ce815) Importer(815301076,1909f56bfc062723c751e8b465ee728b)
Start importing Assets/Images/Huế 2.png using Guid(6e02ba20b43e9b742afa68c9b64ce815) Importer(815301076,1909f56bfc062723c751e8b465ee728b)  -> (artifact id: 'f71b2d616b3f504ff4024ee0faf476c4') in 0.394494 seconds 
========================================================================
Received Import Request.
  Time since last request: 0.000355 seconds.
  path: Assets/Images/Material.png
  artifactKey: Guid(923ce9f274f40bb4997b82c6f5fe75f1) Importer(815301076,1909f56bfc062723c751e8b465ee728b)
Start importing Assets/Images/Material.png using Guid(923ce9f274f40bb4997b82c6f5fe75f1) Importer(815301076,1909f56bfc062723c751e8b465ee728b)  -> (artifact id: '2fa4c7dd9e667c3c3d84f34a84742a04') in 0.440466 seconds 
========================================================================
Received Import Request.
  Time since last request: 0.000031 seconds.
  path: Assets/Images/Huế 6.png
  artifactKey: Guid(7c0bff26258537c49bbb87c4e075d2f8) Importer(815301076,1909f56bfc062723c751e8b465ee728b)
Start importing Assets/Images/Huế 6.png using Guid(7c0bff26258537c49bbb87c4e075d2f8) Importer(815301076,1909f56bfc062723c751e8b465ee728b)  -> (artifact id: 'fe494769f2ecc753dfac26795d559e01') in 0.408694 seconds 
========================================================================
Received Import Request.
  Time since last request: 0.000045 seconds.
  path: Assets/Images/BackgroundThongTin.png
  artifactKey: Guid(2f34f2f20499d4b44aa7d99e6a0d564f) Importer(815301076,1909f56bfc062723c751e8b465ee728b)
Start importing Assets/Images/BackgroundThongTin.png using Guid(2f34f2f20499d4b44aa7d99e6a0d564f) Importer(815301076,1909f56bfc062723c751e8b465ee728b)  -> (artifact id: '90a571378be0af491ee09585e3cabf0a') in 0.535680 seconds 
========================================================================
Received Import Request.
  Time since last request: 0.000029 seconds.
  path: Assets/Images/Background1.png
  artifactKey: Guid(15392f61a1bc0284aa0dccfa1579933b) Importer(815301076,1909f56bfc062723c751e8b465ee728b)
Start importing Assets/Images/Background1.png using Guid(15392f61a1bc0284aa0dccfa1579933b) Importer(815301076,1909f56bfc062723c751e8b465ee728b)  -> (artifact id: '18bba02091279b23e9acd1b082450f5a') in 0.248311 seconds 
========================================================================
Received Import Request.
  Time since last request: 0.000039 seconds.
  path: Assets/Images/ItemDiTichCoDoHue.png
  artifactKey: Guid(a3a5f1b46d64f9343a3771d94e996ce9) Importer(815301076,1909f56bfc062723c751e8b465ee728b)
Start importing Assets/Images/ItemDiTichCoDoHue.png using Guid(a3a5f1b46d64f9343a3771d94e996ce9) Importer(815301076,1909f56bfc062723c751e8b465ee728b)  -> (artifact id: '8e160f7db3772545fadc0663fd9d008d') in 0.450814 seconds 
========================================================================
Received Import Request.
  Time since last request: 0.000032 seconds.
  path: Assets/Images/Dot_Page.png
  artifactKey: Guid(ebab5a8052e17224a81b01997365d585) Importer(815301076,1909f56bfc062723c751e8b465ee728b)
Start importing Assets/Images/Dot_Page.png using Guid(ebab5a8052e17224a81b01997365d585) Importer(815301076,1909f56bfc062723c751e8b465ee728b)  -> (artifact id: 'dd60d13ca65ac6368d23cb5af2e07264') in 0.032243 seconds 
========================================================================
Received Import Request.
  Time since last request: 0.000043 seconds.
  path: Assets/Images/HightLightPoint.png
  artifactKey: Guid(a86a590788923ae4394ad95cebce990e) Importer(815301076,1909f56bfc062723c751e8b465ee728b)
Start importing Assets/Images/HightLightPoint.png using Guid(a86a590788923ae4394ad95cebce990e) Importer(815301076,1909f56bfc062723c751e8b465ee728b)  -> (artifact id: 'bc8ea7ed73370a4005f6b2e693473f4f') in 0.075600 seconds 
========================================================================
Received Import Request.
  Time since last request: 0.000025 seconds.
  path: Assets/Images/TranhVua.png
  artifactKey: Guid(c79974d2c709bd84b8d96701f2ac1faa) Importer(815301076,1909f56bfc062723c751e8b465ee728b)
Start importing Assets/Images/TranhVua.png using Guid(c79974d2c709bd84b8d96701f2ac1faa) Importer(815301076,1909f56bfc062723c751e8b465ee728b)  -> (artifact id: 'f3645283de15d8677f8d31d85c15c22f') in 1.015956 seconds 
========================================================================
Received Import Request.
  Time since last request: 0.000030 seconds.
  path: Assets/Images/Vector.png
  artifactKey: Guid(e4f7409e64e49ac478891e4a827bf9b1) Importer(815301076,1909f56bfc062723c751e8b465ee728b)
Start importing Assets/Images/Vector.png using Guid(e4f7409e64e49ac478891e4a827bf9b1) Importer(815301076,1909f56bfc062723c751e8b465ee728b)  -> (artifact id: 'cc0ed0db1fd2cd199dd462814f5d692c') in 0.037956 seconds 
========================================================================
Received Import Request.
  Time since last request: 0.000041 seconds.
  path: Assets/Images/TranhVua_Trai.png
  artifactKey: Guid(1ac861580594f89489da9cc100c87a91) Importer(815301076,1909f56bfc062723c751e8b465ee728b)
Start importing Assets/Images/TranhVua_Trai.png using Guid(1ac861580594f89489da9cc100c87a91) Importer(815301076,1909f56bfc062723c751e8b465ee728b)  -> (artifact id: '1e7eb8b3c4cb226debe406fb63cc6b60') in 0.766043 seconds 
========================================================================
Received Import Request.
  Time since last request: 0.000031 seconds.
  path: Assets/Images/Tu Du hoang thai hau bao.png
  artifactKey: Guid(75f98b3ab5b3ad4418128d9fa0bfdfd9) Importer(815301076,1909f56bfc062723c751e8b465ee728b)
Start importing Assets/Images/Tu Du hoang thai hau bao.png using Guid(75f98b3ab5b3ad4418128d9fa0bfdfd9) Importer(815301076,1909f56bfc062723c751e8b465ee728b)  -> (artifact id: '17d5c5156530c43c98a522029cce1fe4') in 0.658426 seconds 
========================================================================
Received Import Request.
  Time since last request: 0.000484 seconds.
  path: Assets/Images/Slide.png
  artifactKey: Guid(3284dfc07219ebc45911de26cfab7401) Importer(815301076,1909f56bfc062723c751e8b465ee728b)
Start importing Assets/Images/Slide.png using Guid(3284dfc07219ebc45911de26cfab7401) Importer(815301076,1909f56bfc062723c751e8b465ee728b)  -> (artifact id: '1a6a57afafc2f3be26899da1b038514e') in 0.186652 seconds 
========================================================================
Received Import Request.
  Time since last request: 0.000026 seconds.
  path: Assets/Images/TopRight.png
  artifactKey: Guid(6e1e9a96ca545154c880d440159c1788) Importer(815301076,1909f56bfc062723c751e8b465ee728b)
Start importing Assets/Images/TopRight.png using Guid(6e1e9a96ca545154c880d440159c1788) Importer(815301076,1909f56bfc062723c751e8b465ee728b)  -> (artifact id: '08b628fb7b550345fdde53d6462c5e78') in 0.406505 seconds 
========================================================================
Received Import Request.
  Time since last request: 0.000030 seconds.
  path: Assets/Fonts/SVN-Sliced.ttf
  artifactKey: Guid(04de884e5ce9a51429fb3bc4640e3b12) Importer(815301076,1909f56bfc062723c751e8b465ee728b)
Start importing Assets/Fonts/SVN-Sliced.ttf using Guid(04de884e5ce9a51429fb3bc4640e3b12) Importer(815301076,1909f56bfc062723c751e8b465ee728b)  -> (artifact id: '95d29d658951359c5c42140359efb41a') in 0.215085 seconds 
========================================================================
Received Import Request.
  Time since last request: 0.000042 seconds.
  path: Assets/Fonts/Inter-VariableFont_slnt,wght.ttf
  artifactKey: Guid(defbffa042f65ce4a95c75657788b8ad) Importer(815301076,1909f56bfc062723c751e8b465ee728b)
Start importing Assets/Fonts/Inter-VariableFont_slnt,wght.ttf using Guid(defbffa042f65ce4a95c75657788b8ad) Importer(815301076,1909f56bfc062723c751e8b465ee728b)  -> (artifact id: '11a826ffd51bbf56b51fc0627ab3e4d9') in 0.026069 seconds 
========================================================================
Received Import Request.
  Time since last request: 0.000030 seconds.
  path: Assets/Images/StarBackground.png
  artifactKey: Guid(07f5e354119c9604d9b0cff1da437c57) Importer(815301076,1909f56bfc062723c751e8b465ee728b)
Start importing Assets/Images/StarBackground.png using Guid(07f5e354119c9604d9b0cff1da437c57) Importer(815301076,1909f56bfc062723c751e8b465ee728b)  -> (artifact id: '7ef8c79a7b930a332086fc1ab9485765') in 0.219267 seconds 
========================================================================
Received Import Request.
  Time since last request: 0.000035 seconds.
  path: Assets/Images/IconMenu.png
  artifactKey: Guid(55b942cb9dbc4534a8d1143e2f676700) Importer(815301076,1909f56bfc062723c751e8b465ee728b)
Start importing Assets/Images/IconMenu.png using Guid(55b942cb9dbc4534a8d1143e2f676700) Importer(815301076,1909f56bfc062723c751e8b465ee728b)  -> (artifact id: 'a705f7775ecf92eff4644a2443c9d301') in 0.028695 seconds 
========================================================================
Received Import Request.
  Time since last request: 0.000048 seconds.
  path: Assets/Images/DownLeft.png
  artifactKey: Guid(5f6fa71e60104a246abbb20152461fbe) Importer(815301076,1909f56bfc062723c751e8b465ee728b)
Start importing Assets/Images/DownLeft.png using Guid(5f6fa71e60104a246abbb20152461fbe) Importer(815301076,1909f56bfc062723c751e8b465ee728b)  -> (artifact id: '41fe4d4ffeac25a813eff1e6061b0767') in 0.405595 seconds 
Editor requested this worker to shutdown with reason: Scaling down because of idle timeout
AssetImportWorkerClient::OnTransportError - code=2 error=End of file
AssetImportWorker is now disconnected from the server
Process exiting
Exiting without the bug reporter. Application will terminate with return code 0